05:03:45.168 - 31: org.apache.uima.analysis_engine.impl.PrimitiveAnalysisEngine_impl.callAnalysisComponentProcess(417): SEVERE: Exception occurred
org.apache.uima.analysis_engine.AnalysisEngineProcessException: Annotator processing failed.    
	at org.apache.uima.analysis_engine.impl.PrimitiveAnalysisEngine_impl.callAnalysisComponentProcess(PrimitiveAnalysisEngine_impl.java:401)
	at org.apache.uima.analysis_engine.impl.PrimitiveAnalysisEngine_impl.processAndOutputNewCASes(PrimitiveAnalysisEngine_impl.java:308)
	at org.apache.uima.analysis_engine.asb.impl.ASB_impl$AggregateCasIterator.processUntilNextOutputCas(ASB_impl.java:570)
	at org.apache.uima.analysis_engine.asb.impl.ASB_impl$AggregateCasIterator.<init>(ASB_impl.java:412)
	at org.apache.uima.analysis_engine.asb.impl.ASB_impl.process(ASB_impl.java:344)
	at org.apache.uima.analysis_engine.impl.AggregateAnalysisEngine_impl.processAndOutputNewCASes(AggregateAnalysisEngine_impl.java:265)
	at org.apache.uima.analysis_engine.impl.AnalysisEngineImplBase.process(AnalysisEngineImplBase.java:269)
	at org.apache.uima.collection.impl.cpm.engine.ProcessingUnit.processNext(ProcessingUnit.java:893)
	at org.apache.uima.collection.impl.cpm.engine.ProcessingUnit.run(ProcessingUnit.java:575)
Caused by: java.lang.NullPointerException
	at PassageAnnotator.process(PassageAnnotator.java:52)
	at org.apache.uima.analysis_component.JCasAnnotator_ImplBase.process(JCasAnnotator_ImplBase.java:48)
	at org.apache.uima.analysis_engine.impl.PrimitiveAnalysisEngine_impl.callAnalysisComponentProcess(PrimitiveAnalysisEngine_impl.java:385)
	... 8 more

05:03:45.191 - 31: org.apache.uima.analysis_engine.impl.AggregateAnalysisEngine_impl.processAndOutputNewCASes(273): SEVERE: Exception occurred
org.apache.uima.analysis_engine.AnalysisEngineProcessException: Annotator processing failed.    
	at org.apache.uima.analysis_engine.impl.PrimitiveAnalysisEngine_impl.callAnalysisComponentProcess(PrimitiveAnalysisEngine_impl.java:401)
	at org.apache.uima.analysis_engine.impl.PrimitiveAnalysisEngine_impl.processAndOutputNewCASes(PrimitiveAnalysisEngine_impl.java:308)
	at org.apache.uima.analysis_engine.asb.impl.ASB_impl$AggregateCasIterator.processUntilNextOutputCas(ASB_impl.java:570)
	at org.apache.uima.analysis_engine.asb.impl.ASB_impl$AggregateCasIterator.<init>(ASB_impl.java:412)
	at org.apache.uima.analysis_engine.asb.impl.ASB_impl.process(ASB_impl.java:344)
	at org.apache.uima.analysis_engine.impl.AggregateAnalysisEngine_impl.processAndOutputNewCASes(AggregateAnalysisEngine_impl.java:265)
	at org.apache.uima.analysis_engine.impl.AnalysisEngineImplBase.process(AnalysisEngineImplBase.java:269)
	at org.apache.uima.collection.impl.cpm.engine.ProcessingUnit.processNext(ProcessingUnit.java:893)
	at org.apache.uima.collection.impl.cpm.engine.ProcessingUnit.run(ProcessingUnit.java:575)
Caused by: java.lang.NullPointerException
	at PassageAnnotator.process(PassageAnnotator.java:52)
	at org.apache.uima.analysis_component.JCasAnnotator_ImplBase.process(JCasAnnotator_ImplBase.java:48)
	at org.apache.uima.analysis_engine.impl.PrimitiveAnalysisEngine_impl.callAnalysisComponentProcess(PrimitiveAnalysisEngine_impl.java:385)
	... 8 more

05:03:45.208 - 31: org.apache.uima.collection.impl.cpm.engine.ProcessingUnit.process: SEVERE: The container aaeDescriptor returned the following error message: Annotator processing failed.     (Thread Name: [Procesing Pipeline#1 Thread]::) 
05:03:45.209 - 31: org.apache.uima.collection.impl.cpm.engine.ProcessingUnit.maybeLogSevereException(2498): SEVERE: Thread: [Procesing Pipeline#1 Thread]::, message: Annotator processing failed.    
org.apache.uima.analysis_engine.AnalysisEngineProcessException: Annotator processing failed.    
	at org.apache.uima.analysis_engine.impl.PrimitiveAnalysisEngine_impl.callAnalysisComponentProcess(PrimitiveAnalysisEngine_impl.java:401)
	at org.apache.uima.analysis_engine.impl.PrimitiveAnalysisEngine_impl.processAndOutputNewCASes(PrimitiveAnalysisEngine_impl.java:308)
	at org.apache.uima.analysis_engine.asb.impl.ASB_impl$AggregateCasIterator.processUntilNextOutputCas(ASB_impl.java:570)
	at org.apache.uima.analysis_engine.asb.impl.ASB_impl$AggregateCasIterator.<init>(ASB_impl.java:412)
	at org.apache.uima.analysis_engine.asb.impl.ASB_impl.process(ASB_impl.java:344)
	at org.apache.uima.analysis_engine.impl.AggregateAnalysisEngine_impl.processAndOutputNewCASes(AggregateAnalysisEngine_impl.java:265)
	at org.apache.uima.analysis_engine.impl.AnalysisEngineImplBase.process(AnalysisEngineImplBase.java:269)
	at org.apache.uima.collection.impl.cpm.engine.ProcessingUnit.processNext(ProcessingUnit.java:893)
	at org.apache.uima.collection.impl.cpm.engine.ProcessingUnit.run(ProcessingUnit.java:575)
Caused by: java.lang.NullPointerException
	at PassageAnnotator.process(PassageAnnotator.java:52)
	at org.apache.uima.analysis_component.JCasAnnotator_ImplBase.process(JCasAnnotator_ImplBase.java:48)
	at org.apache.uima.analysis_engine.impl.PrimitiveAnalysisEngine_impl.callAnalysisComponentProcess(PrimitiveAnalysisEngine_impl.java:385)
	... 8 more

05:03:46.349 - 31: org.apache.uima.collection.impl.cpm.container.ProcessingContainer_Impl.process: SEVERE: The CPM stopped because the configured error threshold 0 was exceeded. (Thread Name: [Procesing Pipeline#1 Thread]::) Component Name: aaeDescriptor 
05:03:46.349 - 31: org.apache.uima.collection.impl.cpm.engine.ProcessingUnit.process: SEVERE: The CPM is terminating. The current component is aaeDescriptor. (Thread Name: [Procesing Pipeline#1 Thread]::) 
05:03:46.364 - 31: org.apache.uima.collection.impl.cpm.engine.ProcessingUnit.process: WARNING: The CPM cannot be stopped by force. The current container is aaeDescriptor. (Thread Name: [Procesing Pipeline#1 Thread]::) Reason: The CAS processor aaeDescriptor is configured to stop the CPM when excessive errors are encountered.  (Thread Name: [Procesing Pipeline#1 Thread]::)
05:03:46.365 - 31: org.apache.uima.collection.impl.cpm.engine.ProcessingUnit.maybeLogSevereException(2498): SEVERE: Thread: [Procesing Pipeline#1 Thread]::, message: 
org.apache.uima.collection.base_cpm.AbortCPMException: 
	at org.apache.uima.collection.impl.cpm.container.ProcessingContainer_Impl.incrementCasProcessorErrors(ProcessingContainer_Impl.java:795)
	at org.apache.uima.collection.impl.cpm.engine.ProcessingUnit.processNext(ProcessingUnit.java:1037)
	at org.apache.uima.collection.impl.cpm.engine.ProcessingUnit.run(ProcessingUnit.java:575)

05:03:46.366 - 31: org.apache.uima.collection.impl.cpm.engine.CPMEngine.process: INFO: The collection reader thread state is: 1004 (Thread Name: [Procesing Pipeline#1 Thread]::) 
05:03:46.366 - 31: org.apache.uima.collection.impl.cpm.engine.CPMEngine.process: INFO: The CPM processing unit is 0 and processing state 2003. (Thread Name: [Procesing Pipeline#1 Thread]::)
05:03:46.372 - 31: org.apache.uima.collection.impl.cpm.engine.CPMEngine.process: INFO: The CAS consumer thread state is 2001. (Thread Name: [Procesing Pipeline#1 Thread]::) 
05:03:46.372 - 31: org.apache.uima.collection.impl.cpm.engine.CPMEngine.process: INFO: The application stopped the CPM. (Thread Name: [Procesing Pipeline#1 Thread]::)
05:03:46.373 - 31: org.apache.uima.collection.impl.cpm.engine.CPMEngine.process: INFO: The CPM engine is stopping. An end-of-file token is added to the worker queue. (Thread Name: [Procesing Pipeline#1 Thread]::) Forced stop: true
